<?xml version="1.0" encoding="UTF-8"?>
<!-- Generated by org.testng.reporters.JUnitXMLReporter -->
<testsuite ignored="4" hostname="LQA-KHURRAMMUSLIM" failures="0" tests="3" name="Regression" time="22.261" errors="0" timestamp="2022-12-20T19:53:13 PKT">
  <testcase classname="tests.CountryTestBH" name="Test2" time="6.149"/>
  <testcase classname="tests.CountryTestKW" name="Test3" time="12.156"/>
  <testcase classname="tests.CountryTestSA" name="Test1" time="3.851"/>
  <testcase classname="pages.corePage" name="@BeforeSuite setup" time="0.0">
    <ignored/>
  </testcase> <!-- @BeforeSuite setup -->
  <testcase classname="pages.corePage" name="@BeforeSuite setup" time="0.0">
    <ignored/>
  </testcase> <!-- @BeforeSuite setup -->
  <testcase classname="pages.corePage" name="@AfterSuite teardown" time="0.0">
    <ignored/>
  </testcase> <!-- @AfterSuite teardown -->
  <testcase classname="pages.corePage" name="@AfterSuite teardown" time="0.0">
    <ignored/>
  </testcase> <!-- @AfterSuite teardown -->
</testsuite> <!-- Regression -->
