<?xml version="1.0" encoding="UTF-8"?>
<testng-results ignored="4" total="7" passed="3" failed="0" skipped="0">
  <reporter-output>
  </reporter-output>
  <suite started-at="2022-12-20T19:52:51 PKT" name="Testing Web Apps" finished-at="2022-12-20T19:53:13 PKT" duration-ms="22261">
    <groups>
    </groups>
    <test started-at="2022-12-20T19:52:51 PKT" name="Regression" finished-at="2022-12-20T19:53:13 PKT" duration-ms="22261">
      <class name="tests.CountryTestBH">
        <test-method is-config="true" signature="setup()[pri:0, instance:tests.CountryTestBH@31368b99]" started-at="2022-12-20T19:52:30 PKT" name="setup" finished-at="2022-12-20T19:52:51 PKT" duration-ms="20378" status="PASS">
          <reporter-output>
          </reporter-output>
        </test-method> <!-- setup -->
        <test-method signature="Test2()[pri:0, instance:tests.CountryTestBH@31368b99]" started-at="2022-12-20T19:52:51 PKT" name="Test2" finished-at="2022-12-20T19:52:57 PKT" duration-ms="6149" status="PASS">
          <reporter-output>
          </reporter-output>
        </test-method> <!-- Test2 -->
        <test-method is-config="true" signature="teardown()[pri:0, instance:tests.CountryTestBH@31368b99]" started-at="2022-12-20T19:53:13 PKT" name="teardown" finished-at="2022-12-20T19:53:13 PKT" duration-ms="506" status="PASS">
          <reporter-output>
          </reporter-output>
        </test-method> <!-- teardown -->
      </class> <!-- tests.CountryTestBH -->
      <class name="tests.CountryTestKW">
        <test-method signature="Test3()[pri:0, instance:tests.CountryTestKW@4f209819]" started-at="2022-12-20T19:52:57 PKT" name="Test3" finished-at="2022-12-20T19:53:09 PKT" duration-ms="12156" status="PASS">
          <reporter-output>
          </reporter-output>
        </test-method> <!-- Test3 -->
      </class> <!-- tests.CountryTestKW -->
      <class name="tests.CountryTestSA">
        <test-method signature="Test1()[pri:0, instance:tests.CountryTestSA@15eb5ee5]" started-at="2022-12-20T19:53:09 PKT" name="Test1" finished-at="2022-12-20T19:53:13 PKT" duration-ms="3851" status="PASS">
          <reporter-output>
          </reporter-output>
        </test-method> <!-- Test1 -->
      </class> <!-- tests.CountryTestSA -->
    </test> <!-- Regression -->
  </suite> <!-- Testing Web Apps -->
</testng-results>
